[2025-07-20 07:59:11] [START] Session with bob started
[2025-07-20 07:59:11] [INFO] Received 2, saved 2 events from bob
[2025-07-20 07:59:11] [END] Session with bob closed
[2025-07-20 07:59:12] [INFO] INBOUND: skipped duplicate user test3
[2025-07-20 07:59:12] [INFO] INBOUND: skipped duplicate user test1
[2025-07-20 08:12:19] [START] Session with bob started
[2025-07-20 08:12:19] [INFO] Received 2, saved 2 events from bob
[2025-07-20 08:12:19] [END] Session with bob closed
[2025-07-20 08:12:22] [INFO] INBOUND: skipped duplicate user test3
[2025-07-20 08:12:22] [INFO] INBOUND: skipped duplicate user test1
[2025-07-20 09:37:10] [AUTH] Incoming GET from 'bob' → ACCEPTED
[2025-07-20 09:37:10] [POST] Incoming POST from 'bob' → ACCEPTED
[2025-07-20 09:37:10] [POST] Query range: 20287 → 20289
[2025-07-20 09:37:10] [POST] Event types: UserCreated
[2025-07-20 09:37:11] [INFO] Found 3 events for bob from 20287 to 20289
[2025-07-20 09:43:31] [AUTH] Incoming GET from 'bob' → ACCEPTED
[2025-07-20 09:43:31] [POST] Incoming POST from 'bob' → ACCEPTED
[2025-07-20 09:43:31] [POST] Query range: 20287 → 20289
[2025-07-20 09:43:31] [POST] Event types: UserCreated
[2025-07-20 09:43:31] [INFO] Found 3 events for bob from 20287 to 20289
